<?xml version="1.0" encoding="UTF-8"?>
<!-- Generated by org.testng.reporters.JUnitReportReporter -->
<testsuite hostname="LAPTOP-9KUCMT4L" failures="0" tests="2" name="automationdemo1.NewTest" time="20.516" errors="0" timestamp="2023-03-03T13:30:45 EST" skipped="0">
  <testcase classname="automationdemo1.NewTest" name="TestGoogle" time="9.600"/>
  <system-out/>
  <testcase classname="automationdemo1.NewTest" name="TestFacebook" time="10.916"/>
  <system-out/>
</testsuite> <!-- automationdemo1.NewTest -->
